# JRE version: OpenJDK Runtime Environment Temurin-17.0.13+11 (17.0.13+11) (build 17.0.13+11)
# Java VM: OpenJDK 64-Bit Server VM Temurin-17.0.13+11 (17.0.13+11, mixed mode, tiered, compressed oops, compressed class ptrs, parallel gc, windows-amd64)
GC Precious Log:
 CPUs: 12 total, 12 available
 Memory: 7530M
 Large Page Support: Disabled
 NUMA Support: Disabled
 Compressed Oops: Enabled (32-bit)
 Alignments: Space 512K, Generation 512K, Heap 2M
 Heap Min Capacity: 100M
 Heap Initial Capacity: 100M
 Heap Max Capacity: 1G
 Pre-touch: Disabled
 Parallel Workers: 10
Heap:
 PSYoungGen      total 22528K, used 8486K [0x00000000eab00000, 0x00000000ec380000, 0x0000000100000000)
  eden space 22016K, 38% used [0x00000000eab00000,0x00000000eb349838,0x00000000ec080000)
  from space 512K, 0% used [0x00000000ec300000,0x00000000ec300000,0x00000000ec380000)
  to   space 512K, 0% used [0x00000000ec280000,0x00000000ec280000,0x00000000ec300000)
 ParOldGen       total 68608K, used 23866K [0x00000000c0000000, 0x00000000c4300000, 0x00000000eab00000)
  object space 68608K, 34% used [0x00000000c0000000,0x00000000c174ea28,0x00000000c4300000)
 Metaspace       used 59342K, committed 60224K, reserved 1114112K
  class space    used 6562K, committed 6912K, reserved 1048576K
GC Heap History (20 events):
Event: 21.499 GC heap before
{Heap before GC invocations=20 (full 2):
 PSYoungGen      total 23552K, used 23135K [0x00000000eab00000, 0x00000000ec500000, 0x0000000100000000)
  eden space 22016K, 99% used [0x00000000eab00000,0x00000000ec07fc30,0x00000000ec080000)
  from space 1536K, 72% used [0x00000000ec200000,0x00000000ec318000,0x00000000ec380000)
  to   space 1536K, 0% used [0x00000000ec380000,0x00000000ec380000,0x00000000ec500000)
 ParOldGen       total 68608K, used 17914K [0x00000000c0000000, 0x00000000c4300000, 0x00000000eab00000)
  object space 68608K, 26% used [0x00000000c0000000,0x00000000c117ebd0,0x00000000c4300000)
 Metaspace       used 50068K, committed 50880K, reserved 1114112K
  class space    used 5363K, committed 5696K, reserved 1048576K
}
Event: 21.501 GC heap after
{Heap after GC invocations=20 (full 2):
 PSYoungGen      total 23552K, used 1376K [0x00000000eab00000, 0x00000000ec500000, 0x0000000100000000)
  eden space 22016K, 0% used [0x00000000eab00000,0x00000000eab00000,0x00000000ec080000)
  from space 1536K, 89% used [0x00000000ec380000,0x00000000ec4d8000,0x00000000ec500000)
  to   space 1536K, 0% used [0x00000000ec200000,0x00000000ec200000,0x00000000ec380000)
 ParOldGen       total 68608K, used 18846K [0x00000000c0000000, 0x00000000c4300000, 0x00000000eab00000)
  object space 68608K, 27% used [0x00000000c0000000,0x00000000c1267be0,0x00000000c4300000)
 Metaspace       used 50068K, committed 50880K, reserved 1114112K
  class space    used 5363K, committed 5696K, reserved 1048576K
}
Event: 21.731 GC heap before
{Heap before GC invocations=21 (full 2):
 PSYoungGen      total 23552K, used 23392K [0x00000000eab00000, 0x00000000ec500000, 0x0000000100000000)
  eden space 22016K, 100% used [0x00000000eab00000,0x00000000ec080000,0x00000000ec080000)
  from space 1536K, 89% used [0x00000000ec380000,0x00000000ec4d8000,0x00000000ec500000)
  to   space 1536K, 0% used [0x00000000ec200000,0x00000000ec200000,0x00000000ec380000)
 ParOldGen       total 68608K, used 18846K [0x00000000c0000000, 0x00000000c4300000, 0x00000000eab00000)
  object space 68608K, 27% used [0x00000000c0000000,0x00000000c1267be0,0x00000000c4300000)
 Metaspace       used 52881K, committed 53696K, reserved 1114112K
  class space    used 5698K, committed 6016K, reserved 1048576K
}
Event: 21.733 GC heap after
{Heap after GC invocations=21 (full 2):
 PSYoungGen      total 23552K, used 1517K [0x00000000eab00000, 0x00000000ec880000, 0x0000000100000000)
  eden space 22016K, 0% used [0x00000000eab00000,0x00000000eab00000,0x00000000ec080000)
  from space 1536K, 98% used [0x00000000ec200000,0x00000000ec37b6d0,0x00000000ec380000)
  to   space 4096K, 0% used [0x00000000ec480000,0x00000000ec480000,0x00000000ec880000)
 ParOldGen       total 68608K, used 20877K [0x00000000c0000000, 0x00000000c4300000, 0x00000000eab00000)
  object space 68608K, 30% used [0x00000000c0000000,0x00000000c14634a0,0x00000000c4300000)
 Metaspace       used 52881K, committed 53696K, reserved 1114112K
  class space    used 5698K, committed 6016K, reserved 1048576K
}
Event: 22.459 GC heap before
{Heap before GC invocations=22 (full 2):
 PSYoungGen      total 23552K, used 23462K [0x00000000eab00000, 0x00000000ec880000, 0x0000000100000000)
  eden space 22016K, 99% used [0x00000000eab00000,0x00000000ec06e3e0,0x00000000ec080000)
  from space 1536K, 98% used [0x00000000ec200000,0x00000000ec37b6d0,0x00000000ec380000)
  to   space 4096K, 0% used [0x00000000ec480000,0x00000000ec480000,0x00000000ec880000)
 ParOldGen       total 68608K, used 20877K [0x00000000c0000000, 0x00000000c4300000, 0x00000000eab00000)
  object space 68608K, 30% used [0x00000000c0000000,0x00000000c14634a0,0x00000000c4300000)
 Metaspace       used 55838K, committed 56704K, reserved 1114112K
  class space    used 6091K, committed 6464K, reserved 1048576K
}
Event: 22.461 GC heap after
{Heap after GC invocations=22 (full 2):
 PSYoungGen      total 23552K, used 1479K [0x00000000eab00000, 0x00000000ec600000, 0x0000000100000000)
  eden space 22016K, 0% used [0x00000000eab00000,0x00000000eab00000,0x00000000ec080000)
  from space 1536K, 96% used [0x00000000ec480000,0x00000000ec5f1f20,0x00000000ec600000)
  to   space 2560K, 0% used [0x00000000ec100000,0x00000000ec100000,0x00000000ec380000)
 ParOldGen       total 68608K, used 22391K [0x00000000c0000000, 0x00000000c4300000, 0x00000000eab00000)
  object space 68608K, 32% used [0x00000000c0000000,0x00000000c15ddf88,0x00000000c4300000)
 Metaspace       used 55838K, committed 56704K, reserved 1114112K
  class space    used 6091K, committed 6464K, reserved 1048576K
}
Event: 23.817 GC heap before
{Heap before GC invocations=23 (full 2):
 PSYoungGen      total 23552K, used 23495K [0x00000000eab00000, 0x00000000ec600000, 0x0000000100000000)
  eden space 22016K, 100% used [0x00000000eab00000,0x00000000ec080000,0x00000000ec080000)
  from space 1536K, 96% used [0x00000000ec480000,0x00000000ec5f1f20,0x00000000ec600000)
  to   space 2560K, 0% used [0x00000000ec100000,0x00000000ec100000,0x00000000ec380000)
 ParOldGen       total 68608K, used 22391K [0x00000000c0000000, 0x00000000c4300000, 0x00000000eab00000)
  object space 68608K, 32% used [0x00000000c0000000,0x00000000c15ddf88,0x00000000c4300000)
 Metaspace       used 56108K, committed 57088K, reserved 1114112K
  class space    used 6116K, committed 6528K, reserved 1048576K
}
Event: 23.818 GC heap after
{Heap after GC invocations=23 (full 2):
 PSYoungGen      total 24576K, used 2532K [0x00000000eab00000, 0x00000000ec980000, 0x0000000100000000)
  eden space 22016K, 0% used [0x00000000eab00000,0x00000000eab00000,0x00000000ec080000)
  from space 2560K, 98% used [0x00000000ec100000,0x00000000ec3790c8,0x00000000ec380000)
  to   space 4608K, 0% used [0x00000000ec500000,0x00000000ec500000,0x00000000ec980000)
 ParOldGen       total 68608K, used 23700K [0x00000000c0000000, 0x00000000c4300000, 0x00000000eab00000)
  object space 68608K, 34% used [0x00000000c0000000,0x00000000c1725308,0x00000000c4300000)
 Metaspace       used 56108K, committed 57088K, reserved 1114112K
  class space    used 6116K, committed 6528K, reserved 1048576K
}
Event: 23.868 GC heap before
{Heap before GC invocations=24 (full 2):
 PSYoungGen      total 24576K, used 24548K [0x00000000eab00000, 0x00000000ec980000, 0x0000000100000000)
  eden space 22016K, 100% used [0x00000000eab00000,0x00000000ec080000,0x00000000ec080000)
  from space 2560K, 98% used [0x00000000ec100000,0x00000000ec3790c8,0x00000000ec380000)
  to   space 4608K, 0% used [0x00000000ec500000,0x00000000ec500000,0x00000000ec980000)
 ParOldGen       total 68608K, used 23700K [0x00000000c0000000, 0x00000000c4300000, 0x00000000eab00000)
  object space 68608K, 34% used [0x00000000c0000000,0x00000000c1725308,0x00000000c4300000)
 Metaspace       used 56143K, committed 57088K, reserved 1114112K
  class space    used 6116K, committed 6528K, reserved 1048576K
}
Event: 23.870 GC heap after
{Heap after GC invocations=24 (full 2):
 PSYoungGen      total 26624K, used 4048K [0x00000000eab00000, 0x00000000ec980000, 0x0000000100000000)
  eden space 22016K, 0% used [0x00000000eab00000,0x00000000eab00000,0x00000000ec080000)
  from space 4608K, 87% used [0x00000000ec500000,0x00000000ec8f4018,0x00000000ec980000)
  to   space 4608K, 0% used [0x00000000ec080000,0x00000000ec080000,0x00000000ec500000)
 ParOldGen       total 68608K, used 24934K [0x00000000c0000000, 0x00000000c4300000, 0x00000000eab00000)
  object space 68608K, 36% used [0x00000000c0000000,0x00000000c1859998,0x00000000c4300000)
 Metaspace       used 56143K, committed 57088K, reserved 1114112K
  class space    used 6116K, committed 6528K, reserved 1048576K
}
Event: 23.940 GC heap before
{Heap before GC invocations=25 (full 2):
 PSYoungGen      total 26624K, used 26064K [0x00000000eab00000, 0x00000000ec980000, 0x0000000100000000)
  eden space 22016K, 100% used [0x00000000eab00000,0x00000000ec080000,0x00000000ec080000)
  from space 4608K, 87% used [0x00000000ec500000,0x00000000ec8f4018,0x00000000ec980000)
  to   space 4608K, 0% used [0x00000000ec080000,0x00000000ec080000,0x00000000ec500000)
 ParOldGen       total 68608K, used 24934K [0x00000000c0000000, 0x00000000c4300000, 0x00000000eab00000)
  object space 68608K, 36% used [0x00000000c0000000,0x00000000c1859998,0x00000000c4300000)
 Metaspace       used 56265K, committed 57280K, reserved 1114112K
  class space    used 6124K, committed 6528K, reserved 1048576K
}
Event: 23.941 GC heap after
{Heap after GC invocations=25 (full 2):
 PSYoungGen      total 22528K, used 320K [0x00000000eab00000, 0x00000000ec580000, 0x0000000100000000)
  eden space 22016K, 0% used [0x00000000eab00000,0x00000000eab00000,0x00000000ec080000)
  from space 512K, 62% used [0x00000000ec080000,0x00000000ec0d0000,0x00000000ec100000)
  to   space 2048K, 0% used [0x00000000ec380000,0x00000000ec380000,0x00000000ec580000)
 ParOldGen       total 68608K, used 25646K [0x00000000c0000000, 0x00000000c4300000, 0x00000000eab00000)
  object space 68608K, 37% used [0x00000000c0000000,0x00000000c190ba28,0x00000000c4300000)
 Metaspace       used 56265K, committed 57280K, reserved 1114112K
  class space    used 6124K, committed 6528K, reserved 1048576K
}
Event: 24.535 GC heap before
{Heap before GC invocations=26 (full 2):
 PSYoungGen      total 22528K, used 22336K [0x00000000eab00000, 0x00000000ec580000, 0x0000000100000000)
  eden space 22016K, 100% used [0x00000000eab00000,0x00000000ec080000,0x00000000ec080000)
  from space 512K, 62% used [0x00000000ec080000,0x00000000ec0d0000,0x00000000ec100000)
  to   space 2048K, 0% used [0x00000000ec380000,0x00000000ec380000,0x00000000ec580000)
 ParOldGen       total 68608K, used 25646K [0x00000000c0000000, 0x00000000c4300000, 0x00000000eab00000)
  object space 68608K, 37% used [0x00000000c0000000,0x00000000c190ba28,0x00000000c4300000)
 Metaspace       used 57080K, committed 58048K, reserved 1114112K
  class space    used 6206K, committed 6592K, reserved 1048576K
}
Event: 24.536 GC heap after
{Heap after GC invocations=26 (full 2):
 PSYoungGen      total 22528K, used 480K [0x00000000eab00000, 0x00000000ec400000, 0x0000000100000000)
  eden space 22016K, 0% used [0x00000000eab00000,0x00000000eab00000,0x00000000ec080000)
  from space 512K, 93% used [0x00000000ec380000,0x00000000ec3f8000,0x00000000ec400000)
  to   space 1024K, 0% used [0x00000000ec200000,0x00000000ec200000,0x00000000ec300000)
 ParOldGen       total 68608K, used 25774K [0x00000000c0000000, 0x00000000c4300000, 0x00000000eab00000)
  object space 68608K, 37% used [0x00000000c0000000,0x00000000c192ba28,0x00000000c4300000)
 Metaspace       used 57080K, committed 58048K, reserved 1114112K
  class space    used 6206K, committed 6592K, reserved 1048576K
}
Event: 35.251 GC heap before
{Heap before GC invocations=27 (full 2):
 PSYoungGen      total 22528K, used 22496K [0x00000000eab00000, 0x00000000ec400000, 0x0000000100000000)
  eden space 22016K, 100% used [0x00000000eab00000,0x00000000ec080000,0x00000000ec080000)
  from space 512K, 93% used [0x00000000ec380000,0x00000000ec3f8000,0x00000000ec400000)
  to   space 1024K, 0% used [0x00000000ec200000,0x00000000ec200000,0x00000000ec300000)
 ParOldGen       total 68608K, used 25774K [0x00000000c0000000, 0x00000000c4300000, 0x00000000eab00000)
  object space 68608K, 37% used [0x00000000c0000000,0x00000000c192ba28,0x00000000c4300000)
 Metaspace       used 57551K, committed 58496K, reserved 1114112K
  class space    used 6260K, committed 6656K, reserved 1048576K
}
Event: 35.253 GC heap after
{Heap after GC invocations=27 (full 2):
 PSYoungGen      total 23040K, used 608K [0x00000000eab00000, 0x00000000ec400000, 0x0000000100000000)
  eden space 22016K, 0% used [0x00000000eab00000,0x00000000eab00000,0x00000000ec080000)
  from space 1024K, 59% used [0x00000000ec200000,0x00000000ec298000,0x00000000ec300000)
  to   space 1024K, 0% used [0x00000000ec300000,0x00000000ec300000,0x00000000ec400000)
 ParOldGen       total 68608K, used 26105K [0x00000000c0000000, 0x00000000c4300000, 0x00000000eab00000)
  object space 68608K, 38% used [0x00000000c0000000,0x00000000c197e6b8,0x00000000c4300000)
 Metaspace       used 57551K, committed 58496K, reserved 1114112K
  class space    used 6260K, committed 6656K, reserved 1048576K
}
Event: 35.480 GC heap before
{Heap before GC invocations=28 (full 2):
 PSYoungGen      total 23040K, used 14124K [0x00000000eab00000, 0x00000000ec400000, 0x0000000100000000)
  eden space 22016K, 61% used [0x00000000eab00000,0x00000000eb8331a0,0x00000000ec080000)
  from space 1024K, 59% used [0x00000000ec200000,0x00000000ec298000,0x00000000ec300000)
  to   space 1024K, 0% used [0x00000000ec300000,0x00000000ec300000,0x00000000ec400000)
 ParOldGen       total 68608K, used 26105K [0x00000000c0000000, 0x00000000c4300000, 0x00000000eab00000)
  object space 68608K, 38% used [0x00000000c0000000,0x00000000c197e6b8,0x00000000c4300000)
 Metaspace       used 58957K, committed 59776K, reserved 1114112K
  class space    used 6504K, committed 6848K, reserved 1048576K
}
Event: 35.482 GC heap after
{Heap after GC invocations=28 (full 2):
 PSYoungGen      total 22528K, used 416K [0x00000000eab00000, 0x00000000ec380000, 0x0000000100000000)
  eden space 22016K, 0% used [0x00000000eab00000,0x00000000eab00000,0x00000000ec080000)
  from space 512K, 81% used [0x00000000ec300000,0x00000000ec368000,0x00000000ec380000)
  to   space 512K, 0% used [0x00000000ec280000,0x00000000ec280000,0x00000000ec300000)
 ParOldGen       total 68608K, used 26569K [0x00000000c0000000, 0x00000000c4300000, 0x00000000eab00000)
  object space 68608K, 38% used [0x00000000c0000000,0x00000000c19f26b8,0x00000000c4300000)
 Metaspace       used 58957K, committed 59776K, reserved 1114112K
  class space    used 6504K, committed 6848K, reserved 1048576K
}
Event: 35.482 GC heap before
{Heap before GC invocations=29 (full 3):
 PSYoungGen      total 22528K, used 416K [0x00000000eab00000, 0x00000000ec380000, 0x0000000100000000)
  eden space 22016K, 0% used [0x00000000eab00000,0x00000000eab00000,0x00000000ec080000)
  from space 512K, 81% used [0x00000000ec300000,0x00000000ec368000,0x00000000ec380000)
  to   space 512K, 0% used [0x00000000ec280000,0x00000000ec280000,0x00000000ec300000)
 ParOldGen       total 68608K, used 26569K [0x00000000c0000000, 0x00000000c4300000, 0x00000000eab00000)
  object space 68608K, 38% used [0x00000000c0000000,0x00000000c19f26b8,0x00000000c4300000)
 Metaspace       used 58957K, committed 59776K, reserved 1114112K
  class space    used 6504K, committed 6848K, reserved 1048576K
}
Event: 35.523 GC heap after
{Heap after GC invocations=29 (full 3):
 PSYoungGen      total 22528K, used 0K [0x00000000eab00000, 0x00000000ec380000, 0x0000000100000000)
  eden space 22016K, 0% used [0x00000000eab00000,0x00000000eab00000,0x00000000ec080000)
  from space 512K, 0% used [0x00000000ec300000,0x00000000ec300000,0x00000000ec380000)
  to   space 512K, 0% used [0x00000000ec280000,0x00000000ec280000,0x00000000ec300000)
 ParOldGen       total 68608K, used 23866K [0x00000000c0000000, 0x00000000c4300000, 0x00000000eab00000)
  object space 68608K, 34% used [0x00000000c0000000,0x00000000c174ea28,0x00000000c4300000)
 Metaspace       used 58957K, committed 59776K, reserved 1114112K
  class space    used 6504K, committed 6848K, reserved 1048576K
}

